<?xml version="1.0" encoding="UTF-8"?>
<testng-results ignored="0" total="4" passed="4" failed="0" skipped="0">
  <reporter-output>
  </reporter-output>
  <suite started-at="2020-12-16T09:32:46Z" name="Surefire suite" finished-at="2020-12-16T09:32:48Z" duration-ms="1802">
    <groups>
    </groups>
    <test started-at="2020-12-16T09:32:46Z" name="Surefire test" finished-at="2020-12-16T09:32:48Z" duration-ms="1802">
      <class name="com.zemoso.zinteract.TaxCalculatorTest">
        <test-method signature="testTaxCalBelow25K()" started-at="2020-12-16T15:02:46Z" name="testTaxCalBelow25K" finished-at="2020-12-16T15:02:47Z" duration-ms="1375" status="PASS">
          <reporter-output>
          </reporter-output>
        </test-method> <!-- testTaxCalBelow25K -->
        <test-method signature="testTaxCal50kTo100K()" started-at="2020-12-16T15:02:46Z" name="testTaxCal50kTo100K" finished-at="2020-12-16T15:02:48Z" duration-ms="1707" status="PASS">
          <reporter-output>
          </reporter-output>
        </test-method> <!-- testTaxCal50kTo100K -->
        <test-method signature="testTaxCal25KTo50K()" started-at="2020-12-16T15:02:46Z" name="testTaxCal25KTo50K" finished-at="2020-12-16T15:02:48Z" duration-ms="1641" status="PASS">
          <reporter-output>
          </reporter-output>
        </test-method> <!-- testTaxCal25KTo50K -->
        <test-method signature="testTaxCalAbove100K()" started-at="2020-12-16T15:02:46Z" name="testTaxCalAbove100K" finished-at="2020-12-16T15:02:48Z" duration-ms="1580" status="PASS">
          <reporter-output>
          </reporter-output>
        </test-method> <!-- testTaxCalAbove100K -->
      </class> <!-- com.zemoso.zinteract.TaxCalculatorTest -->
    </test> <!-- Surefire test -->
  </suite> <!-- Surefire suite -->
</testng-results>
