<?xml version="1.0" encoding="UTF-8"?>
<testsuite xmlns:xsi="http://www.w3.org/2001/XMLSchema-instance" xsi:noNamespaceSchemaLocation="https://maven.apache.org/surefire/maven-surefire-plugin/xsd/surefire-test-report.xsd" name="TestSuite" time="2.24" tests="4" errors="0" skipped="0" failures="0">
  <properties>
[...]
</properties>
  <testcase name="testTaxCalBelow25K on testTaxCalBelow25K(com.zemoso.zinteract.TaxCalculatorTest)" classname="com.zemoso.zinteract.TaxCalculatorTest" time="1.359"/>
  <testcase name="testTaxCalAbove100K on testTaxCalAbove100K(com.zemoso.zinteract.TaxCalculatorTest)" classname="com.zemoso.zinteract.TaxCalculatorTest" time="0.204"/>
  <testcase name="testTaxCal25KTo50K on testTaxCal25KTo50K(com.zemoso.zinteract.TaxCalculatorTest)" classname="com.zemoso.zinteract.TaxCalculatorTest" time="0.062"/>
  <testcase name="testTaxCal50kTo100K on testTaxCal50kTo100K(com.zemoso.zinteract.TaxCalculatorTest)" classname="com.zemoso.zinteract.TaxCalculatorTest" time="0.066"/>
</testsuite>