<?xml version="1.0" encoding="UTF-8"?>
<!-- Generated by org.testng.reporters.JUnitXMLReporter -->
<testsuite ignored="0" hostname="BRPFHC2" failures="0" tests="4" name="Surefire test" time="1.802" errors="0" timestamp="16 Dec 2020 09:32:48 GMT">
  <testcase classname="com.zemoso.zinteract.TaxCalculatorTest" name="testTaxCalBelow25K on testTaxCalBelow25K(com.zemoso.zinteract.TaxCalculatorTest)" time="1.375"/>
  <testcase classname="com.zemoso.zinteract.TaxCalculatorTest" name="testTaxCalAbove100K on testTaxCalAbove100K(com.zemoso.zinteract.TaxCalculatorTest)" time="1.58"/>
  <testcase classname="com.zemoso.zinteract.TaxCalculatorTest" name="testTaxCal25KTo50K on testTaxCal25KTo50K(com.zemoso.zinteract.TaxCalculatorTest)" time="1.641"/>
  <testcase classname="com.zemoso.zinteract.TaxCalculatorTest" name="testTaxCal50kTo100K on testTaxCal50kTo100K(com.zemoso.zinteract.TaxCalculatorTest)" time="1.707"/>
</testsuite> <!-- Surefire test -->
